Solid Edge Translation to STL
Date: Friday,August 24,2018 09:11AM
Source File:C:\Users\donal\Dropbox\Donal McLaughlin shared\UCL\Nibec\Nibec\CAD\CADsolidedge\LateralFlowCADdesignremoveinnerlidheightincrease.par
Output File: C:\Users\donal\Dropbox\Donal McLaughlin shared\UCL\Nibec\Nibec\CAD\CADsolidedge\LateralFlowCADdesignremoveinnerlidheightincrease.stl
Source System: SOLID EDGE

Hardware:
Processor: Intel(R) Core(TM) i7-7700HQ CPU @ 2.80GHz
Operating System: Windows 8 Professional
Memory: 15.85 GB

Software Information:
Parasolid Version: 30.0.167
Bodyshop Version: 30.0.81
Solid Edge Version: 110.00.00.107 x64

STL Export Options:
Output File Format:BINARY
Export Displayed Parts:Off
structureOption: Monolithic
Export Units:Inch
Export Tolerance Value:0.050000
Export Tolerance Type:Custom
Export Surface Plane Angle Value:0.523599

Translation progress:
Phase 1 of 2 Fetching Parasolid information...
Phase 2 of 2 Translating Parasolid to foreign data types...
Number of STL file Created : 1
Translation process completed
Time required to translate:00 : 00 : 00
